0 info it worked if it ends with ok
1 verbose cli [ '/usr/local/bin/node',
1 verbose cli   '/usr/local/bin/npm',
1 verbose cli   'install',
1 verbose cli   'mongodb' ]
2 info using npm@3.10.3
3 info using node@v6.7.0
4 verbose config Skipping project config: /Users/kangjiyeon/.npmrc. (matches userconfig)
5 silly loadCurrentTree Starting
6 silly install loadCurrentTree
7 silly install readLocalPackageData
8 silly fetchPackageMetaData mongodb
9 silly fetchNamedPackageData mongodb
10 silly mapToRegistry name mongodb
11 silly mapToRegistry using default registry
12 silly mapToRegistry registry https://registry.npmjs.org/
13 silly mapToRegistry data Result {
13 silly mapToRegistry   raw: 'mongodb',
13 silly mapToRegistry   scope: null,
13 silly mapToRegistry   escapedName: 'mongodb',
13 silly mapToRegistry   name: 'mongodb',
13 silly mapToRegistry   rawSpec: '',
13 silly mapToRegistry   spec: 'latest',
13 silly mapToRegistry   type: 'tag' }
14 silly mapToRegistry uri https://registry.npmjs.org/mongodb
15 verbose request uri https://registry.npmjs.org/mongodb
16 verbose request no auth needed
17 info attempt registry request try #1 at 8:36:41 PM
18 verbose request id 4eac24cf60669033
19 verbose etag "2R74LMOBF0XTUXV1B5ZLRAIZI"
20 http request GET https://registry.npmjs.org/mongodb
21 http 304 https://registry.npmjs.org/mongodb
22 verbose headers { date: 'Thu, 06 Oct 2016 00:36:41 GMT',
22 verbose headers   via: '1.1 varnish',
22 verbose headers   'cache-control': 'max-age=300',
22 verbose headers   etag: '"2R74LMOBF0XTUXV1B5ZLRAIZI"',
22 verbose headers   age: '67',
22 verbose headers   connection: 'keep-alive',
22 verbose headers   'x-served-by': 'cache-iad2136-IAD',
22 verbose headers   'x-cache': 'HIT',
22 verbose headers   'x-cache-hits': '1',
22 verbose headers   'x-timer': 'S1475714201.300063,VS0,VE0',
22 verbose headers   vary: 'Accept-Encoding' }
23 silly get cb [ 304,
23 silly get   { date: 'Thu, 06 Oct 2016 00:36:41 GMT',
23 silly get     via: '1.1 varnish',
23 silly get     'cache-control': 'max-age=300',
23 silly get     etag: '"2R74LMOBF0XTUXV1B5ZLRAIZI"',
23 silly get     age: '67',
23 silly get     connection: 'keep-alive',
23 silly get     'x-served-by': 'cache-iad2136-IAD',
23 silly get     'x-cache': 'HIT',
23 silly get     'x-cache-hits': '1',
23 silly get     'x-timer': 'S1475714201.300063,VS0,VE0',
23 silly get     vary: 'Accept-Encoding' } ]
24 verbose etag https://registry.npmjs.org/mongodb from cache
25 verbose get saving mongodb to /Users/kangjiyeon/.npm/registry.npmjs.org/mongodb/.cache.json
26 verbose correctMkdir /Users/kangjiyeon/.npm correctMkdir not in flight; initializing
27 silly install normalizeTree
28 silly loadCurrentTree Finishing
29 silly loadIdealTree Starting
30 silly install loadIdealTree
31 silly cloneCurrentTree Starting
32 silly install cloneCurrentTreeToIdealTree
33 silly cloneCurrentTree Finishing
34 silly loadShrinkwrap Starting
35 silly install loadShrinkwrap
36 silly loadShrinkwrap Finishing
37 silly loadAllDepsIntoIdealTree Starting
38 silly install loadAllDepsIntoIdealTree
39 silly resolveWithNewModule mongodb@2.2.10 checking installable status
40 silly cache add args [ 'mongodb', null ]
41 verbose cache add spec mongodb
42 silly cache add parsed spec Result {
42 silly cache add   raw: 'mongodb',
42 silly cache add   scope: null,
42 silly cache add   escapedName: 'mongodb',
42 silly cache add   name: 'mongodb',
42 silly cache add   rawSpec: '',
42 silly cache add   spec: 'latest',
42 silly cache add   type: 'tag' }
43 silly addNamed mongodb@latest
44 verbose addNamed "latest" is being treated as a dist-tag for mongodb
45 info addNameTag [ 'mongodb', 'latest' ]
46 silly mapToRegistry name mongodb
47 silly mapToRegistry using default registry
48 silly mapToRegistry registry https://registry.npmjs.org/
49 silly mapToRegistry data Result {
49 silly mapToRegistry   raw: 'mongodb',
49 silly mapToRegistry   scope: null,
49 silly mapToRegistry   escapedName: 'mongodb',
49 silly mapToRegistry   name: 'mongodb',
49 silly mapToRegistry   rawSpec: '',
49 silly mapToRegistry   spec: 'latest',
49 silly mapToRegistry   type: 'tag' }
50 silly mapToRegistry uri https://registry.npmjs.org/mongodb
51 verbose addNameTag registry:https://registry.npmjs.org/mongodb not in flight; fetching
52 verbose get https://registry.npmjs.org/mongodb not expired, no request
53 silly addNameTag next cb for mongodb with tag latest
54 silly addNamed mongodb@2.2.10
55 verbose addNamed "2.2.10" is a plain semver version for mongodb
56 silly cache afterAdd mongodb@2.2.10
57 verbose afterAdd /Users/kangjiyeon/.npm/mongodb/2.2.10/package/package.json not in flight; writing
58 verbose correctMkdir /Users/kangjiyeon/.npm correctMkdir not in flight; initializing
59 verbose afterAdd /Users/kangjiyeon/.npm/mongodb/2.2.10/package/package.json written
60 silly fetchNamedPackageData es6-promise
61 silly mapToRegistry name es6-promise
62 silly mapToRegistry using default registry
63 silly mapToRegistry registry https://registry.npmjs.org/
64 silly mapToRegistry data Result {
64 silly mapToRegistry   raw: 'es6-promise',
64 silly mapToRegistry   scope: null,
64 silly mapToRegistry   escapedName: 'es6-promise',
64 silly mapToRegistry   name: 'es6-promise',
64 silly mapToRegistry   rawSpec: '',
64 silly mapToRegistry   spec: 'latest',
64 silly mapToRegistry   type: 'tag' }
65 silly mapToRegistry uri https://registry.npmjs.org/es6-promise
66 silly fetchNamedPackageData mongodb-core
67 silly mapToRegistry name mongodb-core
68 silly mapToRegistry using default registry
69 silly mapToRegistry registry https://registry.npmjs.org/
70 silly mapToRegistry data Result {
70 silly mapToRegistry   raw: 'mongodb-core',
70 silly mapToRegistry   scope: null,
70 silly mapToRegistry   escapedName: 'mongodb-core',
70 silly mapToRegistry   name: 'mongodb-core',
70 silly mapToRegistry   rawSpec: '',
70 silly mapToRegistry   spec: 'latest',
70 silly mapToRegistry   type: 'tag' }
71 silly mapToRegistry uri https://registry.npmjs.org/mongodb-core
72 silly fetchNamedPackageData readable-stream
73 silly mapToRegistry name readable-stream
74 silly mapToRegistry using default registry
75 silly mapToRegistry registry https://registry.npmjs.org/
76 silly mapToRegistry data Result {
76 silly mapToRegistry   raw: 'readable-stream',
76 silly mapToRegistry   scope: null,
76 silly mapToRegistry   escapedName: 'readable-stream',
76 silly mapToRegistry   name: 'readable-stream',
76 silly mapToRegistry   rawSpec: '',
76 silly mapToRegistry   spec: 'latest',
76 silly mapToRegistry   type: 'tag' }
77 silly mapToRegistry uri https://registry.npmjs.org/readable-stream
78 verbose request uri https://registry.npmjs.org/es6-promise
79 verbose request no auth needed
80 info attempt registry request try #1 at 8:36:41 PM
81 verbose etag "DT4YBUBOPF9WOFJ7XM6S6TRLW"
82 http request GET https://registry.npmjs.org/es6-promise
83 verbose request uri https://registry.npmjs.org/readable-stream
84 verbose request no auth needed
85 info attempt registry request try #1 at 8:36:41 PM
86 verbose etag "CCKCVM7AJRG2NFRFL5SINMT9N"
87 http request GET https://registry.npmjs.org/readable-stream
88 verbose request uri https://registry.npmjs.org/mongodb-core
89 verbose request no auth needed
90 info attempt registry request try #1 at 8:36:41 PM
91 verbose etag "CZHXMTW20L10EKEL1KP5XF1NY"
92 http request GET https://registry.npmjs.org/mongodb-core
93 http 304 https://registry.npmjs.org/es6-promise
94 verbose headers { date: 'Thu, 06 Oct 2016 00:36:41 GMT',
94 verbose headers   via: '1.1 varnish',
94 verbose headers   'cache-control': 'max-age=300',
94 verbose headers   etag: '"DT4YBUBOPF9WOFJ7XM6S6TRLW"',
94 verbose headers   age: '52',
94 verbose headers   connection: 'keep-alive',
94 verbose headers   'x-served-by': 'cache-iad2136-IAD',
94 verbose headers   'x-cache': 'HIT',
94 verbose headers   'x-cache-hits': '1',
94 verbose headers   'x-timer': 'S1475714201.615585,VS0,VE0',
94 verbose headers   vary: 'Accept-Encoding' }
95 silly get cb [ 304,
95 silly get   { date: 'Thu, 06 Oct 2016 00:36:41 GMT',
95 silly get     via: '1.1 varnish',
95 silly get     'cache-control': 'max-age=300',
95 silly get     etag: '"DT4YBUBOPF9WOFJ7XM6S6TRLW"',
95 silly get     age: '52',
95 silly get     connection: 'keep-alive',
95 silly get     'x-served-by': 'cache-iad2136-IAD',
95 silly get     'x-cache': 'HIT',
95 silly get     'x-cache-hits': '1',
95 silly get     'x-timer': 'S1475714201.615585,VS0,VE0',
95 silly get     vary: 'Accept-Encoding' } ]
96 verbose etag https://registry.npmjs.org/es6-promise from cache
97 verbose get saving es6-promise to /Users/kangjiyeon/.npm/registry.npmjs.org/es6-promise/.cache.json
98 verbose correctMkdir /Users/kangjiyeon/.npm correctMkdir not in flight; initializing
99 silly resolveWithNewModule es6-promise@3.2.1 checking installable status
100 silly cache add args [ 'es6-promise@3.2.1', null ]
101 verbose cache add spec es6-promise@3.2.1
102 silly cache add parsed spec Result {
102 silly cache add   raw: 'es6-promise@3.2.1',
102 silly cache add   scope: null,
102 silly cache add   escapedName: 'es6-promise',
102 silly cache add   name: 'es6-promise',
102 silly cache add   rawSpec: '3.2.1',
102 silly cache add   spec: '3.2.1',
102 silly cache add   type: 'version' }
103 silly addNamed es6-promise@3.2.1
104 verbose addNamed "3.2.1" is a plain semver version for es6-promise
105 silly mapToRegistry name es6-promise
106 silly mapToRegistry using default registry
107 silly mapToRegistry registry https://registry.npmjs.org/
108 silly mapToRegistry data Result {
108 silly mapToRegistry   raw: 'es6-promise',
108 silly mapToRegistry   scope: null,
108 silly mapToRegistry   escapedName: 'es6-promise',
108 silly mapToRegistry   name: 'es6-promise',
108 silly mapToRegistry   rawSpec: '',
108 silly mapToRegistry   spec: 'latest',
108 silly mapToRegistry   type: 'tag' }
109 silly mapToRegistry uri https://registry.npmjs.org/es6-promise
110 verbose addNameVersion registry:https://registry.npmjs.org/es6-promise not in flight; fetching
111 verbose get https://registry.npmjs.org/es6-promise not expired, no request
112 silly cache afterAdd es6-promise@3.2.1
113 verbose afterAdd /Users/kangjiyeon/.npm/es6-promise/3.2.1/package/package.json not in flight; writing
114 verbose correctMkdir /Users/kangjiyeon/.npm correctMkdir not in flight; initializing
115 verbose afterAdd /Users/kangjiyeon/.npm/es6-promise/3.2.1/package/package.json written
116 http 304 https://registry.npmjs.org/readable-stream
117 verbose headers { date: 'Thu, 06 Oct 2016 00:36:41 GMT',
117 verbose headers   via: '1.1 varnish',
117 verbose headers   'cache-control': 'max-age=300',
117 verbose headers   etag: '"CCKCVM7AJRG2NFRFL5SINMT9N"',
117 verbose headers   age: '83',
117 verbose headers   connection: 'keep-alive',
117 verbose headers   'x-served-by': 'cache-iad2631-IAD',
117 verbose headers   'x-cache': 'HIT',
117 verbose headers   'x-cache-hits': '1',
117 verbose headers   'x-timer': 'S1475714201.656659,VS0,VE0',
117 verbose headers   vary: 'Accept-Encoding' }
118 silly get cb [ 304,
118 silly get   { date: 'Thu, 06 Oct 2016 00:36:41 GMT',
118 silly get     via: '1.1 varnish',
118 silly get     'cache-control': 'max-age=300',
118 silly get     etag: '"CCKCVM7AJRG2NFRFL5SINMT9N"',
118 silly get     age: '83',
118 silly get     connection: 'keep-alive',
118 silly get     'x-served-by': 'cache-iad2631-IAD',
118 silly get     'x-cache': 'HIT',
118 silly get     'x-cache-hits': '1',
118 silly get     'x-timer': 'S1475714201.656659,VS0,VE0',
118 silly get     vary: 'Accept-Encoding' } ]
119 verbose etag https://registry.npmjs.org/readable-stream from cache
120 verbose get saving readable-stream to /Users/kangjiyeon/.npm/registry.npmjs.org/readable-stream/.cache.json
121 verbose correctMkdir /Users/kangjiyeon/.npm correctMkdir not in flight; initializing
122 silly resolveWithNewModule readable-stream@2.1.5 checking installable status
123 silly cache add args [ 'readable-stream@2.1.5', null ]
124 verbose cache add spec readable-stream@2.1.5
125 silly cache add parsed spec Result {
125 silly cache add   raw: 'readable-stream@2.1.5',
125 silly cache add   scope: null,
125 silly cache add   escapedName: 'readable-stream',
125 silly cache add   name: 'readable-stream',
125 silly cache add   rawSpec: '2.1.5',
125 silly cache add   spec: '2.1.5',
125 silly cache add   type: 'version' }
126 silly addNamed readable-stream@2.1.5
127 verbose addNamed "2.1.5" is a plain semver version for readable-stream
128 silly mapToRegistry name readable-stream
129 silly mapToRegistry using default registry
130 silly mapToRegistry registry https://registry.npmjs.org/
131 silly mapToRegistry data Result {
131 silly mapToRegistry   raw: 'readable-stream',
131 silly mapToRegistry   scope: null,
131 silly mapToRegistry   escapedName: 'readable-stream',
131 silly mapToRegistry   name: 'readable-stream',
131 silly mapToRegistry   rawSpec: '',
131 silly mapToRegistry   spec: 'latest',
131 silly mapToRegistry   type: 'tag' }
132 silly mapToRegistry uri https://registry.npmjs.org/readable-stream
133 verbose addNameVersion registry:https://registry.npmjs.org/readable-stream not in flight; fetching
134 verbose get https://registry.npmjs.org/readable-stream not expired, no request
135 silly cache afterAdd readable-stream@2.1.5
136 verbose afterAdd /Users/kangjiyeon/.npm/readable-stream/2.1.5/package/package.json not in flight; writing
137 verbose correctMkdir /Users/kangjiyeon/.npm correctMkdir not in flight; initializing
138 http 304 https://registry.npmjs.org/mongodb-core
139 verbose headers { date: 'Thu, 06 Oct 2016 00:36:41 GMT',
139 verbose headers   via: '1.1 varnish',
139 verbose headers   'cache-control': 'max-age=300',
139 verbose headers   etag: '"CZHXMTW20L10EKEL1KP5XF1NY"',
139 verbose headers   age: '120',
139 verbose headers   connection: 'keep-alive',
139 verbose headers   'x-served-by': 'cache-iad2151-IAD',
139 verbose headers   'x-cache': 'HIT',
139 verbose headers   'x-cache-hits': '1',
139 verbose headers   'x-timer': 'S1475714201.668557,VS0,VE0',
139 verbose headers   vary: 'Accept-Encoding' }
140 silly get cb [ 304,
140 silly get   { date: 'Thu, 06 Oct 2016 00:36:41 GMT',
140 silly get     via: '1.1 varnish',
140 silly get     'cache-control': 'max-age=300',
140 silly get     etag: '"CZHXMTW20L10EKEL1KP5XF1NY"',
140 silly get     age: '120',
140 silly get     connection: 'keep-alive',
140 silly get     'x-served-by': 'cache-iad2151-IAD',
140 silly get     'x-cache': 'HIT',
140 silly get     'x-cache-hits': '1',
140 silly get     'x-timer': 'S1475714201.668557,VS0,VE0',
140 silly get     vary: 'Accept-Encoding' } ]
141 verbose etag https://registry.npmjs.org/mongodb-core from cache
142 verbose get saving mongodb-core to /Users/kangjiyeon/.npm/registry.npmjs.org/mongodb-core/.cache.json
143 verbose correctMkdir /Users/kangjiyeon/.npm correctMkdir not in flight; initializing
144 verbose afterAdd /Users/kangjiyeon/.npm/readable-stream/2.1.5/package/package.json written
145 silly resolveWithNewModule mongodb-core@2.0.12 checking installable status
146 silly cache add args [ 'mongodb-core@2.0.12', null ]
147 verbose cache add spec mongodb-core@2.0.12
148 silly cache add parsed spec Result {
148 silly cache add   raw: 'mongodb-core@2.0.12',
148 silly cache add   scope: null,
148 silly cache add   escapedName: 'mongodb-core',
148 silly cache add   name: 'mongodb-core',
148 silly cache add   rawSpec: '2.0.12',
148 silly cache add   spec: '2.0.12',
148 silly cache add   type: 'version' }
149 silly addNamed mongodb-core@2.0.12
150 verbose addNamed "2.0.12" is a plain semver version for mongodb-core
151 silly mapToRegistry name mongodb-core
152 silly mapToRegistry using default registry
153 silly mapToRegistry registry https://registry.npmjs.org/
154 silly mapToRegistry data Result {
154 silly mapToRegistry   raw: 'mongodb-core',
154 silly mapToRegistry   scope: null,
154 silly mapToRegistry   escapedName: 'mongodb-core',
154 silly mapToRegistry   name: 'mongodb-core',
154 silly mapToRegistry   rawSpec: '',
154 silly mapToRegistry   spec: 'latest',
154 silly mapToRegistry   type: 'tag' }
155 silly mapToRegistry uri https://registry.npmjs.org/mongodb-core
156 verbose addNameVersion registry:https://registry.npmjs.org/mongodb-core not in flight; fetching
157 verbose get https://registry.npmjs.org/mongodb-core not expired, no request
158 silly cache afterAdd mongodb-core@2.0.12
159 verbose afterAdd /Users/kangjiyeon/.npm/mongodb-core/2.0.12/package/package.json not in flight; writing
160 verbose correctMkdir /Users/kangjiyeon/.npm correctMkdir not in flight; initializing
161 verbose afterAdd /Users/kangjiyeon/.npm/mongodb-core/2.0.12/package/package.json written
162 silly fetchNamedPackageData isarray
163 silly mapToRegistry name isarray
164 silly mapToRegistry using default registry
165 silly mapToRegistry registry https://registry.npmjs.org/
166 silly mapToRegistry data Result {
166 silly mapToRegistry   raw: 'isarray',
166 silly mapToRegistry   scope: null,
166 silly mapToRegistry   escapedName: 'isarray',
166 silly mapToRegistry   name: 'isarray',
166 silly mapToRegistry   rawSpec: '',
166 silly mapToRegistry   spec: 'latest',
166 silly mapToRegistry   type: 'tag' }
167 silly mapToRegistry uri https://registry.npmjs.org/isarray
168 verbose request uri https://registry.npmjs.org/isarray
169 verbose request no auth needed
170 info attempt registry request try #1 at 8:36:41 PM
171 verbose etag "5GDTFRK25WYSV88W41SWSK3XV"
172 http request GET https://registry.npmjs.org/isarray
173 http 304 https://registry.npmjs.org/isarray
174 verbose headers { date: 'Thu, 06 Oct 2016 00:36:41 GMT',
174 verbose headers   via: '1.1 varnish',
174 verbose headers   'cache-control': 'max-age=300',
174 verbose headers   etag: '"5GDTFRK25WYSV88W41SWSK3XV"',
174 verbose headers   age: '113',
174 verbose headers   connection: 'keep-alive',
174 verbose headers   'x-served-by': 'cache-iad2136-IAD',
174 verbose headers   'x-cache': 'HIT',
174 verbose headers   'x-cache-hits': '3',
174 verbose headers   'x-timer': 'S1475714201.733267,VS0,VE0',
174 verbose headers   vary: 'Accept-Encoding' }
175 silly get cb [ 304,
175 silly get   { date: 'Thu, 06 Oct 2016 00:36:41 GMT',
175 silly get     via: '1.1 varnish',
175 silly get     'cache-control': 'max-age=300',
175 silly get     etag: '"5GDTFRK25WYSV88W41SWSK3XV"',
175 silly get     age: '113',
175 silly get     connection: 'keep-alive',
175 silly get     'x-served-by': 'cache-iad2136-IAD',
175 silly get     'x-cache': 'HIT',
175 silly get     'x-cache-hits': '3',
175 silly get     'x-timer': 'S1475714201.733267,VS0,VE0',
175 silly get     vary: 'Accept-Encoding' } ]
176 verbose etag https://registry.npmjs.org/isarray from cache
177 verbose get saving isarray to /Users/kangjiyeon/.npm/registry.npmjs.org/isarray/.cache.json
178 verbose correctMkdir /Users/kangjiyeon/.npm correctMkdir not in flight; initializing
179 silly resolveWithNewModule isarray@1.0.0 checking installable status
180 silly cache add args [ 'isarray@~1.0.0', null ]
181 verbose cache add spec isarray@~1.0.0
182 silly cache add parsed spec Result {
182 silly cache add   raw: 'isarray@~1.0.0',
182 silly cache add   scope: null,
182 silly cache add   escapedName: 'isarray',
182 silly cache add   name: 'isarray',
182 silly cache add   rawSpec: '~1.0.0',
182 silly cache add   spec: '>=1.0.0 <1.1.0',
182 silly cache add   type: 'range' }
183 silly addNamed isarray@>=1.0.0 <1.1.0
184 verbose addNamed ">=1.0.0 <1.1.0" is a valid semver range for isarray
185 silly addNameRange { name: 'isarray', range: '>=1.0.0 <1.1.0', hasData: false }
186 silly mapToRegistry name isarray
187 silly mapToRegistry using default registry
188 silly mapToRegistry registry https://registry.npmjs.org/
189 silly mapToRegistry data Result {
189 silly mapToRegistry   raw: 'isarray',
189 silly mapToRegistry   scope: null,
189 silly mapToRegistry   escapedName: 'isarray',
189 silly mapToRegistry   name: 'isarray',
189 silly mapToRegistry   rawSpec: '',
189 silly mapToRegistry   spec: 'latest',
189 silly mapToRegistry   type: 'tag' }
190 silly mapToRegistry uri https://registry.npmjs.org/isarray
191 verbose addNameRange registry:https://registry.npmjs.org/isarray not in flight; fetching
192 verbose get https://registry.npmjs.org/isarray not expired, no request
193 silly addNameRange number 2 { name: 'isarray', range: '>=1.0.0 <1.1.0', hasData: true }
194 silly addNameRange versions [ 'isarray', [ '0.0.0', '0.0.1', '1.0.0', '2.0.0', '2.0.1' ] ]
195 silly addNamed isarray@1.0.0
196 verbose addNamed "1.0.0" is a plain semver version for isarray
197 silly cache afterAdd isarray@1.0.0
198 verbose afterAdd /Users/kangjiyeon/.npm/isarray/1.0.0/package/package.json not in flight; writing
199 verbose correctMkdir /Users/kangjiyeon/.npm correctMkdir not in flight; initializing
200 verbose afterAdd /Users/kangjiyeon/.npm/isarray/1.0.0/package/package.json written
201 silly loadAllDepsIntoIdealTree Finishing
202 silly loadIdealTree Finishing
203 silly currentTree gulp@1.0.0
203 silly currentTree ├── abab@1.0.3
203 silly currentTree ├── accepts@1.3.3
203 silly currentTree ├── acorn-globals@1.0.9
203 silly currentTree ├── acorn@2.7.0
203 silly currentTree ├── amdefine@1.0.0
203 silly currentTree ├── ansi-regex@2.0.0
203 silly currentTree ├── ansi-styles@2.2.1
203 silly currentTree ├── array-flatten@1.1.1
203 silly currentTree ├── asn1@0.2.3
203 silly currentTree ├── assert-plus@0.2.0
203 silly currentTree ├── assert@1.4.1
203 silly currentTree ├── async@1.5.2
203 silly currentTree ├── asynckit@0.4.0
203 silly currentTree ├── aws-sign2@0.6.0
203 silly currentTree ├── aws4@1.4.1
203 silly currentTree ├── batch@0.5.3
203 silly currentTree ├── bcrypt-pbkdf@1.0.0
203 silly currentTree ├── bindings@1.2.1
203 silly currentTree ├─┬ bl@1.1.2
203 silly currentTree │ ├── isarray@1.0.0
203 silly currentTree │ └── readable-stream@2.0.6
203 silly currentTree ├── body-parser@1.15.2
203 silly currentTree ├── boolbase@1.0.0
203 silly currentTree ├── boom@2.10.1
203 silly currentTree ├── browser-serialport@2.0.3
203 silly currentTree ├── bson@0.5.5
203 silly currentTree ├── buffer-shims@1.0.0
203 silly currentTree ├── bytes@2.4.0
203 silly currentTree ├── caseless@0.11.0
203 silly currentTree ├── chalk@1.1.3
203 silly currentTree ├─┬ cheerio@0.22.0
203 silly currentTree │ ├── htmlparser2@3.9.1
203 silly currentTree │ ├── isarray@1.0.0
203 silly currentTree │ └── readable-stream@2.1.5
203 silly currentTree ├── co@3.1.0
203 silly currentTree ├── combined-stream@1.0.5
203 silly currentTree ├── commander@2.9.0
203 silly currentTree ├── component-emitter@1.2.1
203 silly currentTree ├── content-disposition@0.5.1
203 silly currentTree ├── content-type@1.0.2
203 silly currentTree ├── cookie-signature@1.0.6
203 silly currentTree ├── cookie@0.3.1
203 silly currentTree ├── cookiejar@2.0.6
203 silly currentTree ├── core-util-is@1.0.2
203 silly currentTree ├── cryptiles@2.0.5
203 silly currentTree ├── css-select@1.2.0
203 silly currentTree ├── css-what@2.1.0
203 silly currentTree ├── cssom@0.3.1
203 silly currentTree ├─┬ CSSselect@0.4.1
203 silly currentTree │ └── domutils@1.4.3
203 silly currentTree ├── cssstyle@0.2.37
203 silly currentTree ├── CSSwhat@0.4.7
203 silly currentTree ├── cylon-firmata@0.24.0
203 silly currentTree ├── cylon-gpio@0.29.0
203 silly currentTree ├── cylon-i2c@0.26.1
203 silly currentTree ├── cylon@1.3.0
203 silly currentTree ├─┬ dashdash@1.14.0
203 silly currentTree │ └── assert-plus@1.0.0
203 silly currentTree ├── debug@2.2.0
203 silly currentTree ├── deep-is@0.1.3
203 silly currentTree ├── define-properties@1.1.2
203 silly currentTree ├── delayed-stream@1.0.0
203 silly currentTree ├── delegates@0.1.0
203 silly currentTree ├── depd@1.1.0
203 silly currentTree ├── destroy@1.0.4
203 silly currentTree ├─┬ dom-serializer@0.1.0
203 silly currentTree │ └── domelementtype@1.1.3
203 silly currentTree ├── domelementtype@1.3.0
203 silly currentTree ├── domhandler@2.3.0
203 silly currentTree ├── domutils@1.5.1
203 silly currentTree ├─┬ dynamodb@0.3.6
203 silly currentTree │ └─┬ fwk@0.1.19
203 silly currentTree │   └── should@0.6.3
203 silly currentTree ├── ecc-jsbn@0.1.1
203 silly currentTree ├── ee-first@1.1.1
203 silly currentTree ├── emitter-component@1.1.1
203 silly currentTree ├── encodeurl@1.0.1
203 silly currentTree ├── enqueue@1.0.2
203 silly currentTree ├── enstore@1.0.1
203 silly currentTree ├── entities@1.1.1
203 silly currentTree ├── error-inject@1.0.0
203 silly currentTree ├── es6-promise@3.3.1
203 silly currentTree ├── es6-shim@0.35.1
203 silly currentTree ├── escape-html@1.0.3
203 silly currentTree ├── escape-string-regexp@1.0.5
203 silly currentTree ├── escodegen@1.8.1
203 silly currentTree ├── esprima@2.7.3
203 silly currentTree ├── estraverse@1.9.3
203 silly currentTree ├── esutils@2.0.2
203 silly currentTree ├── etag@1.7.0
203 silly currentTree ├── express@4.14.0
203 silly currentTree ├── extend@3.0.0
203 silly currentTree ├── extsprintf@1.0.2
203 silly currentTree ├── fast-levenshtein@2.0.5
203 silly currentTree ├── finalhandler@0.5.0
203 silly currentTree ├── firmata@0.14.1
203 silly currentTree ├── foreach@2.0.5
203 silly currentTree ├── forever-agent@0.6.1
203 silly currentTree ├── form-data@2.0.0
203 silly currentTree ├── format-parser@0.0.2
203 silly currentTree ├── formidable@1.0.17
203 silly currentTree ├── forwarded@0.1.0
203 silly currentTree ├── fresh@0.3.0
203 silly currentTree ├── function-bind@1.1.0
203 silly currentTree ├── generate-function@2.0.0
203 silly currentTree ├── generate-object-property@1.2.0
203 silly currentTree ├── gentelella@1.3.0
203 silly currentTree ├─┬ getpass@0.1.6
203 silly currentTree │ └── assert-plus@1.0.0
203 silly currentTree ├── graceful-readlink@1.0.1
203 silly currentTree ├── har-validator@2.0.6
203 silly currentTree ├── has-ansi@2.0.0
203 silly currentTree ├── hawk@3.1.3
203 silly currentTree ├── hoek@2.16.3
203 silly currentTree ├─┬ htmlparser2@3.8.3
203 silly currentTree │ └── entities@1.0.0
203 silly currentTree ├── http-context@1.1.1
203 silly currentTree ├── http-errors@1.5.0
203 silly currentTree ├── http-incoming@0.12.0
203 silly currentTree ├── http-outgoing@0.12.0
203 silly currentTree ├── http-signature@1.1.1
203 silly currentTree ├── iconv-lite@0.4.13
203 silly currentTree ├── inherits@2.0.1
203 silly currentTree ├── instafeed.js@1.4.1
203 silly currentTree ├── ipaddr.js@1.1.1
203 silly currentTree ├── is-browser@2.0.1
203 silly currentTree ├── is-my-json-valid@2.14.0
203 silly currentTree ├── is-property@1.0.2
203 silly currentTree ├── is-typedarray@1.0.0
203 silly currentTree ├── is-url@1.2.2
203 silly currentTree ├── isarray@0.0.1
203 silly currentTree ├── isobject@2.0.0
203 silly currentTree ├── isstream@0.1.2
203 silly currentTree ├── jodid25519@1.0.2
203 silly currentTree ├── jsbn@0.1.0
203 silly currentTree ├── jsdom@7.2.2
203 silly currentTree ├── json-schema@0.2.3
203 silly currentTree ├── json-stringify-safe@5.0.1
203 silly currentTree ├── jsonpointer@2.0.0
203 silly currentTree ├── jsprim@1.3.1
203 silly currentTree ├── koa-is-json@1.0.0
203 silly currentTree ├── levn@0.3.0
203 silly currentTree ├── lodash.assignin@4.2.0
203 silly currentTree ├── lodash.bind@4.2.1
203 silly currentTree ├── lodash.defaults@4.2.0
203 silly currentTree ├── lodash.filter@4.6.0
203 silly currentTree ├── lodash.flatten@4.4.0
203 silly currentTree ├── lodash.foreach@4.5.0
203 silly currentTree ├── lodash.map@4.6.0
203 silly currentTree ├── lodash.merge@4.6.0
203 silly currentTree ├── lodash.pick@4.4.0
203 silly currentTree ├── lodash.reduce@4.6.0
203 silly currentTree ├── lodash.reject@4.6.0
203 silly currentTree ├── lodash.some@4.6.0
203 silly currentTree ├── lodash@4.16.2
203 silly currentTree ├── media-typer@0.3.0
203 silly currentTree ├── merge-descriptors@1.0.1
203 silly currentTree ├── methods@1.1.2
203 silly currentTree ├── mime-db@1.24.0
203 silly currentTree ├── mime-types@2.1.12
203 silly currentTree ├── mime@1.3.4
203 silly currentTree ├── moment@2.14.1
203 silly currentTree ├── mongodb
203 silly currentTree ├── monotonic-timestamp@0.0.8
203 silly currentTree ├── ms@0.7.1
203 silly currentTree ├── nan@2.4.0
203 silly currentTree ├── negotiator@0.6.1
203 silly currentTree ├── node-uuid@1.4.7
203 silly currentTree ├── nth-check@1.0.1
203 silly currentTree ├── nwmatcher@1.3.8
203 silly currentTree ├── oauth-sign@0.8.2
203 silly currentTree ├── object-assign@4.0.1
203 silly currentTree ├── object-keys@1.0.11
203 silly currentTree ├── object.assign@4.0.4
203 silly currentTree ├── on-finished@2.3.0
203 silly currentTree ├── optionator@0.8.2
203 silly currentTree ├── parse5@1.5.1
203 silly currentTree ├── parseurl@1.3.1
203 silly currentTree ├── path-to-regexp@0.1.7
203 silly currentTree ├── pinkie-promise@2.0.1
203 silly currentTree ├── pinkie@2.0.4
203 silly currentTree ├─┬ plotly@1.0.5
203 silly currentTree │ └─┬ mkdirp@0.5.1
203 silly currentTree │   └── minimist@0.0.8
203 silly currentTree ├── prelude-ls@1.1.2
203 silly currentTree ├── process-nextick-args@1.0.7
203 silly currentTree ├── proxy-addr@1.1.2
203 silly currentTree ├── qs@6.2.0
203 silly currentTree ├── querystring@0.2.0
203 silly currentTree ├── range-parser@1.2.0
203 silly currentTree ├── raw-body@2.1.7
203 silly currentTree ├── readable-stream@1.1.14
203 silly currentTree ├── reduce-component@1.0.1
203 silly currentTree ├── request@2.75.0
203 silly currentTree ├── require_optional@1.0.0
203 silly currentTree ├── resolve-from@2.0.0
203 silly currentTree ├── sax@1.2.1
203 silly currentTree ├── selectn@0.9.6
203 silly currentTree ├── semver@5.3.0
203 silly currentTree ├── send@0.14.1
203 silly currentTree ├─┬ serialport@4.0.1
203 silly currentTree │ └─┬ node-pre-gyp@0.6.29
203 silly currentTree │   ├─┬ mkdirp@0.5.1
203 silly currentTree │   │ └── minimist@0.0.8
203 silly currentTree │   ├─┬ nopt@3.0.6
203 silly currentTree │   │ └── abbrev@1.0.9
203 silly currentTree │   ├─┬ npmlog@3.1.2
203 silly currentTree │   │ ├─┬ are-we-there-yet@1.1.2
203 silly currentTree │   │ │ ├── delegates@1.0.0
203 silly currentTree │   │ │ └─┬ readable-stream@2.1.4
203 silly currentTree │   │ │   ├── buffer-shims@1.0.0
203 silly currentTree │   │ │   ├── core-util-is@1.0.2
203 silly currentTree │   │ │   ├── inherits@2.0.1
203 silly currentTree │   │ │   ├── isarray@1.0.0
203 silly currentTree │   │ │   ├── process-nextick-args@1.0.7
203 silly currentTree │   │ │   ├── string_decoder@0.10.31
203 silly currentTree │   │ │   └── util-deprecate@1.0.2
203 silly currentTree │   │ ├── console-control-strings@1.1.0
203 silly currentTree │   │ ├─┬ gauge@2.6.0
203 silly currentTree │   │ │ ├── aproba@1.0.4
203 silly currentTree │   │ │ ├── has-color@0.1.7
203 silly currentTree │   │ │ ├── has-unicode@2.0.1
203 silly currentTree │   │ │ ├── object-assign@4.1.0
203 silly currentTree │   │ │ ├── signal-exit@3.0.0
203 silly currentTree │   │ │ ├─┬ string-width@1.0.1
203 silly currentTree │   │ │ │ ├─┬ code-point-at@1.0.0
203 silly currentTree │   │ │ │ │ └── number-is-nan@1.0.0
203 silly currentTree │   │ │ │ └─┬ is-fullwidth-code-point@1.0.0
203 silly currentTree │   │ │ │   └── number-is-nan@1.0.0
203 silly currentTree │   │ │ ├─┬ strip-ansi@3.0.1
203 silly currentTree │   │ │ │ └── ansi-regex@2.0.0
203 silly currentTree │   │ │ └── wide-align@1.1.0
203 silly currentTree │   │ └── set-blocking@2.0.0
203 silly currentTree │   ├─┬ rc@1.1.6
203 silly currentTree │   │ ├── deep-extend@0.4.1
203 silly currentTree │   │ ├── ini@1.3.4
203 silly currentTree │   │ ├── minimist@1.2.0
203 silly currentTree │   │ └── strip-json-comments@1.0.4
203 silly currentTree │   ├─┬ request@2.73.0
203 silly currentTree │   │ ├── aws-sign2@0.6.0
203 silly currentTree │   │ ├── aws4@1.4.1
203 silly currentTree │   │ ├─┬ bl@1.1.2
203 silly currentTree │   │ │ └─┬ readable-stream@2.0.6
203 silly currentTree │   │ │   ├── core-util-is@1.0.2
203 silly currentTree │   │ │   ├── inherits@2.0.1
203 silly currentTree │   │ │   ├── isarray@1.0.0
203 silly currentTree │   │ │   ├── process-nextick-args@1.0.7
203 silly currentTree │   │ │   ├── string_decoder@0.10.31
203 silly currentTree │   │ │   └── util-deprecate@1.0.2
203 silly currentTree │   │ ├── caseless@0.11.0
203 silly currentTree │   │ ├─┬ combined-stream@1.0.5
203 silly currentTree │   │ │ └── delayed-stream@1.0.0
203 silly currentTree │   │ ├── extend@3.0.0
203 silly currentTree │   │ ├── forever-agent@0.6.1
203 silly currentTree │   │ ├─┬ form-data@1.0.0-rc4
203 silly currentTree │   │ │ └── async@1.5.2
203 silly currentTree │   │ ├─┬ har-validator@2.0.6
203 silly currentTree │   │ │ ├─┬ chalk@1.1.3
203 silly currentTree │   │ │ │ ├── ansi-styles@2.2.1
203 silly currentTree │   │ │ │ ├── escape-string-regexp@1.0.5
203 silly currentTree │   │ │ │ ├─┬ has-ansi@2.0.0
203 silly currentTree │   │ │ │ │ └── ansi-regex@2.0.0
203 silly currentTree │   │ │ │ ├─┬ strip-ansi@3.0.1
203 silly currentTree │   │ │ │ │ └── ansi-regex@2.0.0
203 silly currentTree │   │ │ │ └── supports-color@2.0.0
203 silly currentTree │   │ │ ├─┬ is-my-json-valid@2.13.1
203 silly currentTree │   │ │ │ ├── generate-function@2.0.0
203 silly currentTree │   │ │ │ ├─┬ generate-object-property@1.2.0
203 silly currentTree │   │ │ │ │ └── is-property@1.0.2
203 silly currentTree │   │ │ │ ├── jsonpointer@2.0.0
203 silly currentTree │   │ │ │ └── xtend@4.0.1
203 silly currentTree │   │ │ └─┬ pinkie-promise@2.0.1
203 silly currentTree │   │ │   └── pinkie@2.0.4
203 silly currentTree │   │ ├─┬ hawk@3.1.3
203 silly currentTree │   │ │ ├── boom@2.10.1
203 silly currentTree │   │ │ ├── cryptiles@2.0.5
203 silly currentTree │   │ │ ├── hoek@2.16.3
203 silly currentTree │   │ │ └── sntp@1.0.9
203 silly currentTree │   │ ├─┬ http-signature@1.1.1
203 silly currentTree │   │ │ ├── assert-plus@0.2.0
203 silly currentTree │   │ │ ├─┬ jsprim@1.3.0
203 silly currentTree │   │ │ │ ├── extsprintf@1.0.2
203 silly currentTree │   │ │ │ ├── json-schema@0.2.2
203 silly currentTree │   │ │ │ └── verror@1.3.6
203 silly currentTree │   │ │ └─┬ sshpk@1.8.3
203 silly currentTree │   │ │   ├── asn1@0.2.3
203 silly currentTree │   │ │   ├── assert-plus@1.0.0
203 silly currentTree │   │ │   ├── dashdash@1.14.0
203 silly currentTree │   │ │   ├── ecc-jsbn@0.1.1
203 silly currentTree │   │ │   ├── getpass@0.1.6
203 silly currentTree │   │ │   ├── jodid25519@1.0.2
203 silly currentTree │   │ │   ├── jsbn@0.1.0
203 silly currentTree │   │ │   └── tweetnacl@0.13.3
203 silly currentTree │   │ ├── is-typedarray@1.0.0
203 silly currentTree │   │ ├── isstream@0.1.2
203 silly currentTree │   │ ├── json-stringify-safe@5.0.1
203 silly currentTree │   │ ├─┬ mime-types@2.1.11
203 silly currentTree │   │ │ └── mime-db@1.23.0
203 silly currentTree │   │ ├── node-uuid@1.4.7
203 silly currentTree │   │ ├── oauth-sign@0.8.2
203 silly currentTree │   │ ├── qs@6.2.0
203 silly currentTree │   │ ├── stringstream@0.0.5
203 silly currentTree │   │ ├── tough-cookie@2.2.2
203 silly currentTree │   │ └── tunnel-agent@0.4.3
203 silly currentTree │   ├─┬ rimraf@2.5.3
203 silly currentTree │   │ └─┬ glob@7.0.5
203 silly currentTree │   │   ├── fs.realpath@1.0.0
203 silly currentTree │   │   ├─┬ inflight@1.0.5
203 silly currentTree │   │   │ └── wrappy@1.0.2
203 silly currentTree │   │   ├── inherits@2.0.1
203 silly currentTree │   │   ├─┬ minimatch@3.0.2
203 silly currentTree │   │   │ └─┬ brace-expansion@1.1.5
203 silly currentTree │   │   │   ├── balanced-match@0.4.1
203 silly currentTree │   │   │   └── concat-map@0.0.1
203 silly currentTree │   │   ├─┬ once@1.3.3
203 silly currentTree │   │   │ └── wrappy@1.0.2
203 silly currentTree │   │   └── path-is-absolute@1.0.0
203 silly currentTree │   ├── semver@5.2.0
203 silly currentTree │   ├─┬ tar-pack@3.1.4
203 silly currentTree │   │ ├─┬ fstream-ignore@1.0.5
203 silly currentTree │   │ │ ├── inherits@2.0.1
203 silly currentTree │   │ │ └─┬ minimatch@3.0.2
203 silly currentTree │   │ │   └─┬ brace-expansion@1.1.5
203 silly currentTree │   │ │     ├── balanced-match@0.4.1
203 silly currentTree │   │ │     └── concat-map@0.0.1
203 silly currentTree │   │ ├─┬ fstream@1.0.10
203 silly currentTree │   │ │ ├── graceful-fs@4.1.4
203 silly currentTree │   │ │ └── inherits@2.0.1
203 silly currentTree │   │ ├─┬ once@1.3.3
203 silly currentTree │   │ │ └── wrappy@1.0.2
203 silly currentTree │   │ ├─┬ readable-stream@2.1.4
203 silly currentTree │   │ │ ├── buffer-shims@1.0.0
203 silly currentTree │   │ │ ├── core-util-is@1.0.2
203 silly currentTree │   │ │ ├── inherits@2.0.1
203 silly currentTree │   │ │ ├── isarray@1.0.0
203 silly currentTree │   │ │ ├── process-nextick-args@1.0.7
203 silly currentTree │   │ │ ├── string_decoder@0.10.31
203 silly currentTree │   │ │ └── util-deprecate@1.0.2
203 silly currentTree │   │ └── uid-number@0.0.6
203 silly currentTree │   └─┬ tar@2.2.1
203 silly currentTree │     ├── block-stream@0.0.9
203 silly currentTree │     ├─┬ fstream@1.0.10
203 silly currentTree │     │ └── graceful-fs@4.1.4
203 silly currentTree │     └── inherits@2.0.1
203 silly currentTree ├── serve-static@1.11.1
203 silly currentTree ├── setprototypeof@1.0.1
203 silly currentTree ├── sliced@0.0.5
203 silly currentTree ├── sntp@1.0.9
203 silly currentTree ├── source-map@0.2.0
203 silly currentTree ├─┬ sshpk@1.10.1
203 silly currentTree │ └── assert-plus@1.0.0
203 silly currentTree ├── statuses@1.3.0
203 silly currentTree ├── string_decoder@0.10.31
203 silly currentTree ├── stringstream@0.0.5
203 silly currentTree ├── strip-ansi@3.0.1
203 silly currentTree ├─┬ superagent@1.8.4
203 silly currentTree │ ├── form-data@1.0.0-rc3
203 silly currentTree │ ├── qs@2.3.3
203 silly currentTree │ └── readable-stream@1.0.27-1
203 silly currentTree ├── supports-color@2.0.0
203 silly currentTree ├── symbol-tree@3.1.4
203 silly currentTree ├── tough-cookie@2.3.1
203 silly currentTree ├── tr46@0.0.3
203 silly currentTree ├── tunnel-agent@0.4.3
203 silly currentTree ├── tweetnacl@0.14.3
203 silly currentTree ├── type-check@0.3.2
203 silly currentTree ├── type-is@1.6.13
203 silly currentTree ├── unpipe@1.0.0
203 silly currentTree ├── util-deprecate@1.0.2
203 silly currentTree ├── util@0.10.3
203 silly currentTree ├── utils-merge@1.0.0
203 silly currentTree ├── vary@1.1.0
203 silly currentTree ├── verror@1.3.6
203 silly currentTree ├── webidl-conversions@2.0.1
203 silly currentTree ├── whatwg-url-compat@0.6.5
203 silly currentTree ├── wordwrap@1.0.0
203 silly currentTree ├── wrap-fn@0.1.5
203 silly currentTree ├─┬ x-ray-crawler@2.0.2
203 silly currentTree │ ├── cheerio@0.18.0
203 silly currentTree │ ├── dom-serializer@0.0.1
203 silly currentTree │ ├── domelementtype@1.1.3
203 silly currentTree │ └── lodash@2.4.2
203 silly currentTree ├── x-ray-parse@1.0.1
203 silly currentTree ├─┬ x-ray@2.3.0
203 silly currentTree │ └── cheerio@0.20.0
203 silly currentTree ├── xml-name-validator@2.0.1
203 silly currentTree ├── xtend@4.0.1
203 silly currentTree └── yieldly@0.0.1
204 silly idealTree gulp@1.0.0
204 silly idealTree ├── abab@1.0.3
204 silly idealTree ├── accepts@1.3.3
204 silly idealTree ├── acorn-globals@1.0.9
204 silly idealTree ├── acorn@2.7.0
204 silly idealTree ├── amdefine@1.0.0
204 silly idealTree ├── ansi-regex@2.0.0
204 silly idealTree ├── ansi-styles@2.2.1
204 silly idealTree ├── array-flatten@1.1.1
204 silly idealTree ├── asn1@0.2.3
204 silly idealTree ├── assert-plus@0.2.0
204 silly idealTree ├── assert@1.4.1
204 silly idealTree ├── async@1.5.2
204 silly idealTree ├── asynckit@0.4.0
204 silly idealTree ├── aws-sign2@0.6.0
204 silly idealTree ├── aws4@1.4.1
204 silly idealTree ├── batch@0.5.3
204 silly idealTree ├── bcrypt-pbkdf@1.0.0
204 silly idealTree ├── bindings@1.2.1
204 silly idealTree ├─┬ bl@1.1.2
204 silly idealTree │ ├── isarray@1.0.0
204 silly idealTree │ └── readable-stream@2.0.6
204 silly idealTree ├── body-parser@1.15.2
204 silly idealTree ├── boolbase@1.0.0
204 silly idealTree ├── boom@2.10.1
204 silly idealTree ├── browser-serialport@2.0.3
204 silly idealTree ├── bson@0.5.5
204 silly idealTree ├── buffer-shims@1.0.0
204 silly idealTree ├── bytes@2.4.0
204 silly idealTree ├── caseless@0.11.0
204 silly idealTree ├── chalk@1.1.3
204 silly idealTree ├─┬ cheerio@0.22.0
204 silly idealTree │ ├── htmlparser2@3.9.1
204 silly idealTree │ ├── isarray@1.0.0
204 silly idealTree │ └── readable-stream@2.1.5
204 silly idealTree ├── co@3.1.0
204 silly idealTree ├── combined-stream@1.0.5
204 silly idealTree ├── commander@2.9.0
204 silly idealTree ├── component-emitter@1.2.1
204 silly idealTree ├── content-disposition@0.5.1
204 silly idealTree ├── content-type@1.0.2
204 silly idealTree ├── cookie-signature@1.0.6
204 silly idealTree ├── cookie@0.3.1
204 silly idealTree ├── cookiejar@2.0.6
204 silly idealTree ├── core-util-is@1.0.2
204 silly idealTree ├── cryptiles@2.0.5
204 silly idealTree ├── css-select@1.2.0
204 silly idealTree ├── css-what@2.1.0
204 silly idealTree ├── cssom@0.3.1
204 silly idealTree ├─┬ CSSselect@0.4.1
204 silly idealTree │ └── domutils@1.4.3
204 silly idealTree ├── cssstyle@0.2.37
204 silly idealTree ├── CSSwhat@0.4.7
204 silly idealTree ├── cylon-firmata@0.24.0
204 silly idealTree ├── cylon-gpio@0.29.0
204 silly idealTree ├── cylon-i2c@0.26.1
204 silly idealTree ├── cylon@1.3.0
204 silly idealTree ├─┬ dashdash@1.14.0
204 silly idealTree │ └── assert-plus@1.0.0
204 silly idealTree ├── debug@2.2.0
204 silly idealTree ├── deep-is@0.1.3
204 silly idealTree ├── define-properties@1.1.2
204 silly idealTree ├── delayed-stream@1.0.0
204 silly idealTree ├── delegates@0.1.0
204 silly idealTree ├── depd@1.1.0
204 silly idealTree ├── destroy@1.0.4
204 silly idealTree ├─┬ dom-serializer@0.1.0
204 silly idealTree │ └── domelementtype@1.1.3
204 silly idealTree ├── domelementtype@1.3.0
204 silly idealTree ├── domhandler@2.3.0
204 silly idealTree ├── domutils@1.5.1
204 silly idealTree ├─┬ dynamodb@0.3.6
204 silly idealTree │ └─┬ fwk@0.1.19
204 silly idealTree │   └── should@0.6.3
204 silly idealTree ├── ecc-jsbn@0.1.1
204 silly idealTree ├── ee-first@1.1.1
204 silly idealTree ├── emitter-component@1.1.1
204 silly idealTree ├── encodeurl@1.0.1
204 silly idealTree ├── enqueue@1.0.2
204 silly idealTree ├── enstore@1.0.1
204 silly idealTree ├── entities@1.1.1
204 silly idealTree ├── error-inject@1.0.0
204 silly idealTree ├── es6-promise@3.3.1
204 silly idealTree ├── es6-shim@0.35.1
204 silly idealTree ├── escape-html@1.0.3
204 silly idealTree ├── escape-string-regexp@1.0.5
204 silly idealTree ├── escodegen@1.8.1
204 silly idealTree ├── esprima@2.7.3
204 silly idealTree ├── estraverse@1.9.3
204 silly idealTree ├── esutils@2.0.2
204 silly idealTree ├── etag@1.7.0
204 silly idealTree ├── express@4.14.0
204 silly idealTree ├── extend@3.0.0
204 silly idealTree ├── extsprintf@1.0.2
204 silly idealTree ├── fast-levenshtein@2.0.5
204 silly idealTree ├── finalhandler@0.5.0
204 silly idealTree ├── firmata@0.14.1
204 silly idealTree ├── foreach@2.0.5
204 silly idealTree ├── forever-agent@0.6.1
204 silly idealTree ├── form-data@2.0.0
204 silly idealTree ├── format-parser@0.0.2
204 silly idealTree ├── formidable@1.0.17
204 silly idealTree ├── forwarded@0.1.0
204 silly idealTree ├── fresh@0.3.0
204 silly idealTree ├── function-bind@1.1.0
204 silly idealTree ├── generate-function@2.0.0
204 silly idealTree ├── generate-object-property@1.2.0
204 silly idealTree ├── gentelella@1.3.0
204 silly idealTree ├─┬ getpass@0.1.6
204 silly idealTree │ └── assert-plus@1.0.0
204 silly idealTree ├── graceful-readlink@1.0.1
204 silly idealTree ├── har-validator@2.0.6
204 silly idealTree ├── has-ansi@2.0.0
204 silly idealTree ├── hawk@3.1.3
204 silly idealTree ├── hoek@2.16.3
204 silly idealTree ├─┬ htmlparser2@3.8.3
204 silly idealTree │ └── entities@1.0.0
204 silly idealTree ├── http-context@1.1.1
204 silly idealTree ├── http-errors@1.5.0
204 silly idealTree ├── http-incoming@0.12.0
204 silly idealTree ├── http-outgoing@0.12.0
204 silly idealTree ├── http-signature@1.1.1
204 silly idealTree ├── iconv-lite@0.4.13
204 silly idealTree ├── inherits@2.0.1
204 silly idealTree ├── instafeed.js@1.4.1
204 silly idealTree ├── ipaddr.js@1.1.1
204 silly idealTree ├── is-browser@2.0.1
204 silly idealTree ├── is-my-json-valid@2.14.0
204 silly idealTree ├── is-property@1.0.2
204 silly idealTree ├── is-typedarray@1.0.0
204 silly idealTree ├── is-url@1.2.2
204 silly idealTree ├── isarray@0.0.1
204 silly idealTree ├── isobject@2.0.0
204 silly idealTree ├── isstream@0.1.2
204 silly idealTree ├── jodid25519@1.0.2
204 silly idealTree ├── jsbn@0.1.0
204 silly idealTree ├── jsdom@7.2.2
204 silly idealTree ├── json-schema@0.2.3
204 silly idealTree ├── json-stringify-safe@5.0.1
204 silly idealTree ├── jsonpointer@2.0.0
204 silly idealTree ├── jsprim@1.3.1
204 silly idealTree ├── koa-is-json@1.0.0
204 silly idealTree ├── levn@0.3.0
204 silly idealTree ├── lodash.assignin@4.2.0
204 silly idealTree ├── lodash.bind@4.2.1
204 silly idealTree ├── lodash.defaults@4.2.0
204 silly idealTree ├── lodash.filter@4.6.0
204 silly idealTree ├── lodash.flatten@4.4.0
204 silly idealTree ├── lodash.foreach@4.5.0
204 silly idealTree ├── lodash.map@4.6.0
204 silly idealTree ├── lodash.merge@4.6.0
204 silly idealTree ├── lodash.pick@4.4.0
204 silly idealTree ├── lodash.reduce@4.6.0
204 silly idealTree ├── lodash.reject@4.6.0
204 silly idealTree ├── lodash.some@4.6.0
204 silly idealTree ├── lodash@4.16.2
204 silly idealTree ├── media-typer@0.3.0
204 silly idealTree ├── merge-descriptors@1.0.1
204 silly idealTree ├── methods@1.1.2
204 silly idealTree ├── mime-db@1.24.0
204 silly idealTree ├── mime-types@2.1.12
204 silly idealTree ├── mime@1.3.4
204 silly idealTree ├── moment@2.14.1
204 silly idealTree ├── mongodb-core@2.0.12
204 silly idealTree ├─┬ mongodb@2.2.10
204 silly idealTree │ ├── es6-promise@3.2.1
204 silly idealTree │ ├── isarray@1.0.0
204 silly idealTree │ └── readable-stream@2.1.5
204 silly idealTree ├── monotonic-timestamp@0.0.8
204 silly idealTree ├── ms@0.7.1
204 silly idealTree ├── nan@2.4.0
204 silly idealTree ├── negotiator@0.6.1
204 silly idealTree ├── node-uuid@1.4.7
204 silly idealTree ├── nth-check@1.0.1
204 silly idealTree ├── nwmatcher@1.3.8
204 silly idealTree ├── oauth-sign@0.8.2
204 silly idealTree ├── object-assign@4.0.1
204 silly idealTree ├── object-keys@1.0.11
204 silly idealTree ├── object.assign@4.0.4
204 silly idealTree ├── on-finished@2.3.0
204 silly idealTree ├── optionator@0.8.2
204 silly idealTree ├── parse5@1.5.1
204 silly idealTree ├── parseurl@1.3.1
204 silly idealTree ├── path-to-regexp@0.1.7
204 silly idealTree ├── pinkie-promise@2.0.1
204 silly idealTree ├── pinkie@2.0.4
204 silly idealTree ├─┬ plotly@1.0.5
204 silly idealTree │ └─┬ mkdirp@0.5.1
204 silly idealTree │   └── minimist@0.0.8
204 silly idealTree ├── prelude-ls@1.1.2
204 silly idealTree ├── process-nextick-args@1.0.7
204 silly idealTree ├── proxy-addr@1.1.2
204 silly idealTree ├── qs@6.2.0
204 silly idealTree ├── querystring@0.2.0
204 silly idealTree ├── range-parser@1.2.0
204 silly idealTree ├── raw-body@2.1.7
204 silly idealTree ├── readable-stream@1.1.14
204 silly idealTree ├── reduce-component@1.0.1
204 silly idealTree ├── request@2.75.0
204 silly idealTree ├── require_optional@1.0.0
204 silly idealTree ├── resolve-from@2.0.0
204 silly idealTree ├── sax@1.2.1
204 silly idealTree ├── selectn@0.9.6
204 silly idealTree ├── semver@5.3.0
204 silly idealTree ├── send@0.14.1
204 silly idealTree ├─┬ serialport@4.0.1
204 silly idealTree │ └─┬ node-pre-gyp@0.6.29
204 silly idealTree │   ├─┬ mkdirp@0.5.1
204 silly idealTree │   │ └── minimist@0.0.8
204 silly idealTree │   ├─┬ nopt@3.0.6
204 silly idealTree │   │ └── abbrev@1.0.9
204 silly idealTree │   ├─┬ npmlog@3.1.2
204 silly idealTree │   │ ├─┬ are-we-there-yet@1.1.2
204 silly idealTree │   │ │ ├── delegates@1.0.0
204 silly idealTree │   │ │ └─┬ readable-stream@2.1.4
204 silly idealTree │   │ │   ├── buffer-shims@1.0.0
204 silly idealTree │   │ │   ├── core-util-is@1.0.2
204 silly idealTree │   │ │   ├── inherits@2.0.1
204 silly idealTree │   │ │   ├── isarray@1.0.0
204 silly idealTree │   │ │   ├── process-nextick-args@1.0.7
204 silly idealTree │   │ │   ├── string_decoder@0.10.31
204 silly idealTree │   │ │   └── util-deprecate@1.0.2
204 silly idealTree │   │ ├── console-control-strings@1.1.0
204 silly idealTree │   │ ├─┬ gauge@2.6.0
204 silly idealTree │   │ │ ├── aproba@1.0.4
204 silly idealTree │   │ │ ├── has-color@0.1.7
204 silly idealTree │   │ │ ├── has-unicode@2.0.1
204 silly idealTree │   │ │ ├── object-assign@4.1.0
204 silly idealTree │   │ │ ├── signal-exit@3.0.0
204 silly idealTree │   │ │ ├─┬ string-width@1.0.1
204 silly idealTree │   │ │ │ ├─┬ code-point-at@1.0.0
204 silly idealTree │   │ │ │ │ └── number-is-nan@1.0.0
204 silly idealTree │   │ │ │ └─┬ is-fullwidth-code-point@1.0.0
204 silly idealTree │   │ │ │   └── number-is-nan@1.0.0
204 silly idealTree │   │ │ ├─┬ strip-ansi@3.0.1
204 silly idealTree │   │ │ │ └── ansi-regex@2.0.0
204 silly idealTree │   │ │ └── wide-align@1.1.0
204 silly idealTree │   │ └── set-blocking@2.0.0
204 silly idealTree │   ├─┬ rc@1.1.6
204 silly idealTree │   │ ├── deep-extend@0.4.1
204 silly idealTree │   │ ├── ini@1.3.4
204 silly idealTree │   │ ├── minimist@1.2.0
204 silly idealTree │   │ └── strip-json-comments@1.0.4
204 silly idealTree │   ├─┬ request@2.73.0
204 silly idealTree │   │ ├── aws-sign2@0.6.0
204 silly idealTree │   │ ├── aws4@1.4.1
204 silly idealTree │   │ ├─┬ bl@1.1.2
204 silly idealTree │   │ │ └─┬ readable-stream@2.0.6
204 silly idealTree │   │ │   ├── core-util-is@1.0.2
204 silly idealTree │   │ │   ├── inherits@2.0.1
204 silly idealTree │   │ │   ├── isarray@1.0.0
204 silly idealTree │   │ │   ├── process-nextick-args@1.0.7
204 silly idealTree │   │ │   ├── string_decoder@0.10.31
204 silly idealTree │   │ │   └── util-deprecate@1.0.2
204 silly idealTree │   │ ├── caseless@0.11.0
204 silly idealTree │   │ ├─┬ combined-stream@1.0.5
204 silly idealTree │   │ │ └── delayed-stream@1.0.0
204 silly idealTree │   │ ├── extend@3.0.0
204 silly idealTree │   │ ├── forever-agent@0.6.1
204 silly idealTree │   │ ├─┬ form-data@1.0.0-rc4
204 silly idealTree │   │ │ └── async@1.5.2
204 silly idealTree │   │ ├─┬ har-validator@2.0.6
204 silly idealTree │   │ │ ├─┬ chalk@1.1.3
204 silly idealTree │   │ │ │ ├── ansi-styles@2.2.1
204 silly idealTree │   │ │ │ ├── escape-string-regexp@1.0.5
204 silly idealTree │   │ │ │ ├─┬ has-ansi@2.0.0
204 silly idealTree │   │ │ │ │ └── ansi-regex@2.0.0
204 silly idealTree │   │ │ │ ├─┬ strip-ansi@3.0.1
204 silly idealTree │   │ │ │ │ └── ansi-regex@2.0.0
204 silly idealTree │   │ │ │ └── supports-color@2.0.0
204 silly idealTree │   │ │ ├─┬ is-my-json-valid@2.13.1
204 silly idealTree │   │ │ │ ├── generate-function@2.0.0
204 silly idealTree │   │ │ │ ├─┬ generate-object-property@1.2.0
204 silly idealTree │   │ │ │ │ └── is-property@1.0.2
204 silly idealTree │   │ │ │ ├── jsonpointer@2.0.0
204 silly idealTree │   │ │ │ └── xtend@4.0.1
204 silly idealTree │   │ │ └─┬ pinkie-promise@2.0.1
204 silly idealTree │   │ │   └── pinkie@2.0.4
204 silly idealTree │   │ ├─┬ hawk@3.1.3
204 silly idealTree │   │ │ ├── boom@2.10.1
204 silly idealTree │   │ │ ├── cryptiles@2.0.5
204 silly idealTree │   │ │ ├── hoek@2.16.3
204 silly idealTree │   │ │ └── sntp@1.0.9
204 silly idealTree │   │ ├─┬ http-signature@1.1.1
204 silly idealTree │   │ │ ├── assert-plus@0.2.0
204 silly idealTree │   │ │ ├─┬ jsprim@1.3.0
204 silly idealTree │   │ │ │ ├── extsprintf@1.0.2
204 silly idealTree │   │ │ │ ├── json-schema@0.2.2
204 silly idealTree │   │ │ │ └── verror@1.3.6
204 silly idealTree │   │ │ └─┬ sshpk@1.8.3
204 silly idealTree │   │ │   ├── asn1@0.2.3
204 silly idealTree │   │ │   ├── assert-plus@1.0.0
204 silly idealTree │   │ │   ├── dashdash@1.14.0
204 silly idealTree │   │ │   ├── ecc-jsbn@0.1.1
204 silly idealTree │   │ │   ├── getpass@0.1.6
204 silly idealTree │   │ │   ├── jodid25519@1.0.2
204 silly idealTree │   │ │   ├── jsbn@0.1.0
204 silly idealTree │   │ │   └── tweetnacl@0.13.3
204 silly idealTree │   │ ├── is-typedarray@1.0.0
204 silly idealTree │   │ ├── isstream@0.1.2
204 silly idealTree │   │ ├── json-stringify-safe@5.0.1
204 silly idealTree │   │ ├─┬ mime-types@2.1.11
204 silly idealTree │   │ │ └── mime-db@1.23.0
204 silly idealTree │   │ ├── node-uuid@1.4.7
204 silly idealTree │   │ ├── oauth-sign@0.8.2
204 silly idealTree │   │ ├── qs@6.2.0
204 silly idealTree │   │ ├── stringstream@0.0.5
204 silly idealTree │   │ ├── tough-cookie@2.2.2
204 silly idealTree │   │ └── tunnel-agent@0.4.3
204 silly idealTree │   ├─┬ rimraf@2.5.3
204 silly idealTree │   │ └─┬ glob@7.0.5
204 silly idealTree │   │   ├── fs.realpath@1.0.0
204 silly idealTree │   │   ├─┬ inflight@1.0.5
204 silly idealTree │   │   │ └── wrappy@1.0.2
204 silly idealTree │   │   ├── inherits@2.0.1
204 silly idealTree │   │   ├─┬ minimatch@3.0.2
204 silly idealTree │   │   │ └─┬ brace-expansion@1.1.5
204 silly idealTree │   │   │   ├── balanced-match@0.4.1
204 silly idealTree │   │   │   └── concat-map@0.0.1
204 silly idealTree │   │   ├─┬ once@1.3.3
204 silly idealTree │   │   │ └── wrappy@1.0.2
204 silly idealTree │   │   └── path-is-absolute@1.0.0
204 silly idealTree │   ├── semver@5.2.0
204 silly idealTree │   ├─┬ tar-pack@3.1.4
204 silly idealTree │   │ ├─┬ fstream-ignore@1.0.5
204 silly idealTree │   │ │ ├── inherits@2.0.1
204 silly idealTree │   │ │ └─┬ minimatch@3.0.2
204 silly idealTree │   │ │   └─┬ brace-expansion@1.1.5
204 silly idealTree │   │ │     ├── balanced-match@0.4.1
204 silly idealTree │   │ │     └── concat-map@0.0.1
204 silly idealTree │   │ ├─┬ fstream@1.0.10
204 silly idealTree │   │ │ ├── graceful-fs@4.1.4
204 silly idealTree │   │ │ └── inherits@2.0.1
204 silly idealTree │   │ ├─┬ once@1.3.3
204 silly idealTree │   │ │ └── wrappy@1.0.2
204 silly idealTree │   │ ├─┬ readable-stream@2.1.4
204 silly idealTree │   │ │ ├── buffer-shims@1.0.0
204 silly idealTree │   │ │ ├── core-util-is@1.0.2
204 silly idealTree │   │ │ ├── inherits@2.0.1
204 silly idealTree │   │ │ ├── isarray@1.0.0
204 silly idealTree │   │ │ ├── process-nextick-args@1.0.7
204 silly idealTree │   │ │ ├── string_decoder@0.10.31
204 silly idealTree │   │ │ └── util-deprecate@1.0.2
204 silly idealTree │   │ └── uid-number@0.0.6
204 silly idealTree │   └─┬ tar@2.2.1
204 silly idealTree │     ├── block-stream@0.0.9
204 silly idealTree │     ├─┬ fstream@1.0.10
204 silly idealTree │     │ └── graceful-fs@4.1.4
204 silly idealTree │     └── inherits@2.0.1
204 silly idealTree ├── serve-static@1.11.1
204 silly idealTree ├── setprototypeof@1.0.1
204 silly idealTree ├── sliced@0.0.5
204 silly idealTree ├── sntp@1.0.9
204 silly idealTree ├── source-map@0.2.0
204 silly idealTree ├─┬ sshpk@1.10.1
204 silly idealTree │ └── assert-plus@1.0.0
204 silly idealTree ├── statuses@1.3.0
204 silly idealTree ├── string_decoder@0.10.31
204 silly idealTree ├── stringstream@0.0.5
204 silly idealTree ├── strip-ansi@3.0.1
204 silly idealTree ├─┬ superagent@1.8.4
204 silly idealTree │ ├── form-data@1.0.0-rc3
204 silly idealTree │ ├── qs@2.3.3
204 silly idealTree │ └── readable-stream@1.0.27-1
204 silly idealTree ├── supports-color@2.0.0
204 silly idealTree ├── symbol-tree@3.1.4
204 silly idealTree ├── tough-cookie@2.3.1
204 silly idealTree ├── tr46@0.0.3
204 silly idealTree ├── tunnel-agent@0.4.3
204 silly idealTree ├── tweetnacl@0.14.3
204 silly idealTree ├── type-check@0.3.2
204 silly idealTree ├── type-is@1.6.13
204 silly idealTree ├── unpipe@1.0.0
204 silly idealTree ├── util-deprecate@1.0.2
204 silly idealTree ├── util@0.10.3
204 silly idealTree ├── utils-merge@1.0.0
204 silly idealTree ├── vary@1.1.0
204 silly idealTree ├── verror@1.3.6
204 silly idealTree ├── webidl-conversions@2.0.1
204 silly idealTree ├── whatwg-url-compat@0.6.5
204 silly idealTree ├── wordwrap@1.0.0
204 silly idealTree ├── wrap-fn@0.1.5
204 silly idealTree ├─┬ x-ray-crawler@2.0.2
204 silly idealTree │ ├── cheerio@0.18.0
204 silly idealTree │ ├── dom-serializer@0.0.1
204 silly idealTree │ ├── domelementtype@1.1.3
204 silly idealTree │ └── lodash@2.4.2
204 silly idealTree ├── x-ray-parse@1.0.1
204 silly idealTree ├─┬ x-ray@2.3.0
204 silly idealTree │ └── cheerio@0.20.0
204 silly idealTree ├── xml-name-validator@2.0.1
204 silly idealTree ├── xtend@4.0.1
204 silly idealTree └── yieldly@0.0.1
205 silly generateActionsToTake Starting
206 silly install generateActionsToTake
207 silly generateActionsToTake Finishing
208 silly diffTrees action count 5
209 silly diffTrees add isarray@1.0.0
210 silly diffTrees add mongodb-core@2.0.12
211 silly diffTrees add es6-promise@3.2.1
212 silly diffTrees add readable-stream@2.1.5
213 silly diffTrees update mongodb@2.2.10
214 silly decomposeActions action count 40
215 silly decomposeActions fetch isarray@1.0.0
216 silly decomposeActions extract isarray@1.0.0
217 silly decomposeActions test isarray@1.0.0
218 silly decomposeActions preinstall isarray@1.0.0
219 silly decomposeActions build isarray@1.0.0
220 silly decomposeActions install isarray@1.0.0
221 silly decomposeActions postinstall isarray@1.0.0
222 silly decomposeActions finalize isarray@1.0.0
223 silly decomposeActions fetch mongodb-core@2.0.12
224 silly decomposeActions extract mongodb-core@2.0.12
225 silly decomposeActions test mongodb-core@2.0.12
226 silly decomposeActions preinstall mongodb-core@2.0.12
227 silly decomposeActions build mongodb-core@2.0.12
228 silly decomposeActions install mongodb-core@2.0.12
229 silly decomposeActions postinstall mongodb-core@2.0.12
230 silly decomposeActions finalize mongodb-core@2.0.12
231 silly decomposeActions fetch es6-promise@3.2.1
232 silly decomposeActions extract es6-promise@3.2.1
233 silly decomposeActions test es6-promise@3.2.1
234 silly decomposeActions preinstall es6-promise@3.2.1
235 silly decomposeActions build es6-promise@3.2.1
236 silly decomposeActions install es6-promise@3.2.1
237 silly decomposeActions postinstall es6-promise@3.2.1
238 silly decomposeActions finalize es6-promise@3.2.1
239 silly decomposeActions fetch readable-stream@2.1.5
240 silly decomposeActions extract readable-stream@2.1.5
241 silly decomposeActions test readable-stream@2.1.5
242 silly decomposeActions preinstall readable-stream@2.1.5
243 silly decomposeActions build readable-stream@2.1.5
244 silly decomposeActions install readable-stream@2.1.5
245 silly decomposeActions postinstall readable-stream@2.1.5
246 silly decomposeActions finalize readable-stream@2.1.5
247 silly decomposeActions fetch mongodb@2.2.10
248 silly decomposeActions extract mongodb@2.2.10
249 silly decomposeActions test mongodb@2.2.10
250 silly decomposeActions preinstall mongodb@2.2.10
251 silly decomposeActions build mongodb@2.2.10
252 silly decomposeActions install mongodb@2.2.10
253 silly decomposeActions postinstall mongodb@2.2.10
254 silly decomposeActions finalize mongodb@2.2.10
255 silly executeActions Starting
256 silly install executeActions
257 silly doSerial global-install 0
258 silly doParallel fetch 5
259 verbose correctMkdir /Users/kangjiyeon/.npm/_locks correctMkdir not in flight; initializing
260 verbose lock using /Users/kangjiyeon/.npm/_locks/staging-0ddb0226d2f4c6d5.lock for /Users/kangjiyeon/node_modules/.staging
261 silly doParallel extract 5
262 silly extract isarray@1.0.0
263 silly extract mongodb-core@2.0.12
264 silly extract es6-promise@3.2.1
265 silly extract readable-stream@2.1.5
266 silly extract mongodb@2.2.10
267 verbose unbuild node_modules/.staging/mongodb-core-dbbfa377
268 verbose unbuild node_modules/.staging/isarray-4f358e00
269 verbose unbuild node_modules/.staging/es6-promise-2d472e8e
270 verbose unbuild node_modules/.staging/readable-stream-4af3b963
271 verbose unbuild node_modules/.staging/mongodb-2b82c529
272 silly gentlyRm /Users/kangjiyeon/node_modules/.staging/mongodb-core-dbbfa377 is being purged from base /Users/kangjiyeon
273 verbose gentlyRm don't care about contents; nuking /Users/kangjiyeon/node_modules/.staging/mongodb-core-dbbfa377
274 silly gentlyRm /Users/kangjiyeon/node_modules/.staging/isarray-4f358e00 is being purged from base /Users/kangjiyeon
275 verbose gentlyRm don't care about contents; nuking /Users/kangjiyeon/node_modules/.staging/isarray-4f358e00
276 silly gentlyRm /Users/kangjiyeon/node_modules/.staging/es6-promise-2d472e8e is being purged from base /Users/kangjiyeon
277 verbose gentlyRm don't care about contents; nuking /Users/kangjiyeon/node_modules/.staging/es6-promise-2d472e8e
278 silly gentlyRm /Users/kangjiyeon/node_modules/.staging/readable-stream-4af3b963 is being purged from base /Users/kangjiyeon
279 verbose gentlyRm don't care about contents; nuking /Users/kangjiyeon/node_modules/.staging/readable-stream-4af3b963
280 silly gentlyRm /Users/kangjiyeon/node_modules/.staging/mongodb-2b82c529 is being purged from base /Users/kangjiyeon
281 verbose gentlyRm don't care about contents; nuking /Users/kangjiyeon/node_modules/.staging/mongodb-2b82c529
282 verbose tar unpack /Users/kangjiyeon/.npm/mongodb-core/2.0.12/package.tgz
283 verbose tar unpacking to /Users/kangjiyeon/node_modules/.staging/mongodb-core-dbbfa377
284 silly gentlyRm /Users/kangjiyeon/node_modules/.staging/mongodb-core-dbbfa377 is being purged
285 verbose gentlyRm don't care about contents; nuking /Users/kangjiyeon/node_modules/.staging/mongodb-core-dbbfa377
286 verbose tar unpack /Users/kangjiyeon/.npm/isarray/1.0.0/package.tgz
287 verbose tar unpacking to /Users/kangjiyeon/node_modules/.staging/isarray-4f358e00
288 silly gentlyRm /Users/kangjiyeon/node_modules/.staging/isarray-4f358e00 is being purged
289 verbose gentlyRm don't care about contents; nuking /Users/kangjiyeon/node_modules/.staging/isarray-4f358e00
290 verbose tar unpack /Users/kangjiyeon/.npm/es6-promise/3.2.1/package.tgz
291 verbose tar unpacking to /Users/kangjiyeon/node_modules/.staging/es6-promise-2d472e8e
292 silly gentlyRm /Users/kangjiyeon/node_modules/.staging/es6-promise-2d472e8e is being purged
293 verbose gentlyRm don't care about contents; nuking /Users/kangjiyeon/node_modules/.staging/es6-promise-2d472e8e
294 verbose tar unpack /Users/kangjiyeon/.npm/readable-stream/2.1.5/package.tgz
295 verbose tar unpacking to /Users/kangjiyeon/node_modules/.staging/readable-stream-4af3b963
296 silly gentlyRm /Users/kangjiyeon/node_modules/.staging/readable-stream-4af3b963 is being purged
297 verbose gentlyRm don't care about contents; nuking /Users/kangjiyeon/node_modules/.staging/readable-stream-4af3b963
298 verbose tar unpack /Users/kangjiyeon/.npm/mongodb/2.2.10/package.tgz
299 verbose tar unpacking to /Users/kangjiyeon/node_modules/.staging/mongodb-2b82c529
300 silly gentlyRm /Users/kangjiyeon/node_modules/.staging/mongodb-2b82c529 is being purged
301 verbose gentlyRm don't care about contents; nuking /Users/kangjiyeon/node_modules/.staging/mongodb-2b82c529
302 silly gunzTarPerm modes [ '755', '644' ]
303 silly gunzTarPerm modes [ '755', '644' ]
304 silly gunzTarPerm modes [ '755', '644' ]
305 silly gunzTarPerm modes [ '755', '644' ]
306 silly gunzTarPerm modes [ '755', '644' ]
307 silly gunzTarPerm extractEntry package.json
308 silly gunzTarPerm extractEntry package.json
309 silly gunzTarPerm extractEntry package.json
310 silly gunzTarPerm extractEntry package.json
311 silly gunzTarPerm extractEntry package.json
312 silly gunzTarPerm extractEntry LICENSE
313 silly gunzTarPerm extractEntry test1.js
314 silly gunzTarPerm extractEntry .npmignore
315 silly gunzTarPerm extractEntry README.md
316 silly gunzTarPerm extractEntry .npmignore
317 silly gunzTarPerm extractEntry README.md
318 silly gunzTarPerm extractEntry README.md
319 silly gunzTarPerm extractEntry LICENSE
320 silly gunzTarPerm extractEntry LICENSE
321 silly gunzTarPerm extractEntry insert_bench.js
322 silly gunzTarPerm extractEntry index.js
323 silly gunzTarPerm extractEntry index.js
324 silly gunzTarPerm extractEntry test.js
325 silly gunzTarPerm extractEntry LICENSE
326 silly gunzTarPerm extractEntry writable.js
327 silly gunzTarPerm extractEntry CHANGELOG.md
328 silly gunzTarPerm extractEntry boot_auth.js
329 silly gunzTarPerm extractEntry transform.js
330 silly gunzTarPerm extractEntry readable.js
331 silly gunzTarPerm extractEntry .travis.yml
332 silly gunzTarPerm extractEntry Makefile
333 silly gunzTarPerm extractEntry dist/es6-promise.js
334 silly gunzTarPerm extractEntry dist/es6-promise.min.js
335 silly gunzTarPerm extractEntry test.js
336 silly gunzTarPerm extractEntry Makefile
337 silly gunzTarPerm extractEntry index.js
338 silly gunzTarPerm extractEntry Makefile
339 silly gunzTarPerm extractEntry passthrough.js
340 silly gunzTarPerm extractEntry duplex.js
341 silly gunzTarPerm extractEntry lib/es6-promise.umd.js
342 silly gunzTarPerm extractEntry lib/es6-promise/-internal.js
343 silly gunzTarPerm extractEntry component.json
344 silly gunzTarPerm extractEntry TESTING.md
345 silly gunzTarPerm extractEntry .coveralls.yml
346 silly gunzTarPerm extractEntry conf.json
347 silly gunzTarPerm extractEntry HISTORY.md
348 silly gunzTarPerm extractEntry lib/es6-promise/asap.js
349 silly gunzTarPerm extractEntry lib/es6-promise/enumerator.js
350 silly gunzTarPerm extractEntry lib/es6-promise/polyfill.js
351 silly gunzTarPerm extractEntry doc/stream.md
352 silly gunzTarPerm extractEntry doc/wg-meetings/2015-01-30.md
353 silly gunzTarPerm extractEntry lib/_stream_duplex.js
354 silly gunzTarPerm extractEntry lib/_stream_passthrough.js
355 silly gunzTarPerm extractEntry lib/_stream_readable.js
356 silly gunzTarPerm extractEntry lib/_stream_transform.js
357 silly gunzTarPerm extractEntry lib/_stream_writable.js
358 silly gunzTarPerm extractEntry lib/internal/streams/BufferList.js
359 silly gunzTarPerm extractEntry .travis.yml
360 silly gunzTarPerm extractEntry lib/cursor.js
361 silly gunzTarPerm extractEntry lib/error.js
362 silly gunzTarPerm extractEntry lib/admin.js
363 silly gunzTarPerm extractEntry lib/command_cursor.js
364 silly gunzTarPerm extractEntry lib/es6-promise/promise.js
365 silly gunzTarPerm extractEntry lib/auth/gssapi.js
366 silly gunzTarPerm extractEntry lib/auth/mongocr.js
367 silly gunzTarPerm extractEntry lib/cursor.js
368 silly gunzTarPerm extractEntry lib/db.js
369 silly gunzTarPerm extractEntry lib/es6-promise/then.js
370 silly gunzTarPerm extractEntry lib/es6-promise/utils.js
371 silly gunzTarPerm extractEntry lib/auth/plain.js
372 silly gunzTarPerm extractEntry lib/auth/scram.js
373 silly gunzTarPerm extractEntry lib/collection.js
374 silly gunzTarPerm extractEntry lib/es6-promise/promise/all.js
375 silly gunzTarPerm extractEntry lib/es6-promise/promise/race.js
376 silly gunzTarPerm extractEntry lib/auth/sspi.js
377 silly gunzTarPerm extractEntry lib/auth/x509.js
378 silly gunzTarPerm extractEntry lib/aggregation_cursor.js
379 silly gunzTarPerm extractEntry lib/metadata.js
380 silly gunzTarPerm extractEntry lib/mongo_client.js
381 silly gunzTarPerm extractEntry lib/es6-promise/promise/reject.js
382 silly gunzTarPerm extractEntry lib/es6-promise/promise/resolve.js
383 silly gunzTarPerm extractEntry lib/connection/command_result.js
384 silly gunzTarPerm extractEntry lib/connection/commands.js
385 silly gunzTarPerm extractEntry lib/connection/connection.js
386 silly gunzTarPerm extractEntry lib/mongos.js
387 silly gunzTarPerm extractEntry lib/connection/logger.js
388 silly gunzTarPerm extractEntry lib/read_preference.js
389 silly gunzTarPerm extractEntry lib/url_parser.js
390 silly gunzTarPerm extractEntry lib/replset.js
391 silly gunzTarPerm extractEntry lib/apm.js
392 silly gentlyRm /Users/kangjiyeon/node_modules/.staging/isarray-4f358e00/node_modules is being purged
393 verbose gentlyRm don't care about contents; nuking /Users/kangjiyeon/node_modules/.staging/isarray-4f358e00/node_modules
394 silly gunzTarPerm extractEntry lib/connection/pool.js
395 silly gunzTarPerm extractEntry lib/connection/utils.js
396 silly gunzTarPerm extractEntry lib/server.js
397 silly gunzTarPerm extractEntry lib/tools/smoke_plugin.js
398 silly gunzTarPerm extractEntry lib/topologies/mongos.js
399 silly gunzTarPerm extractEntry lib/topology_base.js
400 silly gunzTarPerm extractEntry lib/utils.js
401 silly gunzTarPerm extractEntry lib/gridfs/chunk.js
402 silly gunzTarPerm extractEntry lib/gridfs/grid_store.js
403 silly gunzTarPerm extractEntry lib/bulk/common.js
404 silly gunzTarPerm extractEntry lib/topologies/read_preference.js
405 silly gunzTarPerm extractEntry lib/topologies/replset.js
406 silly gunzTarPerm extractEntry lib/bulk/ordered.js
407 silly gunzTarPerm extractEntry lib/bulk/unordered.js
408 silly gunzTarPerm extractEntry lib/topologies/replset_state.js
409 silly gunzTarPerm extractEntry lib/gridfs-stream/download.js
410 silly gunzTarPerm extractEntry lib/gridfs-stream/index.js
411 silly gunzTarPerm extractEntry lib/gridfs-stream/upload.js
412 silly gunzTarPerm extractEntry .coveralls.yml
413 silly gunzTarPerm extractEntry lib/topologies/server.js
414 silly gunzTarPerm extractEntry lib/topologies/shared.js
415 silly gunzTarPerm extractEntry lib/wireprotocol/2_4_support.js
416 silly gunzTarPerm extractEntry lib/wireprotocol/2_6_support.js
417 silly gunzTarPerm extractEntry lib/wireprotocol/3_2_support.js
418 silly gunzTarPerm extractEntry lib/wireprotocol/commands.js
419 silly gunzTarPerm extractEntry lib/wireprotocol/shared.js
420 silly gunzTarPerm extractEntry HISTORY.md
421 silly gunzTarPerm extractEntry simple_2_document_limit_toArray.dat
422 silly gunzTarPerm extractEntry conf.json
423 silly gentlyRm /Users/kangjiyeon/node_modules/.staging/es6-promise-2d472e8e/node_modules is being purged
424 verbose gentlyRm don't care about contents; nuking /Users/kangjiyeon/node_modules/.staging/es6-promise-2d472e8e/node_modules
425 silly gentlyRm /Users/kangjiyeon/node_modules/.staging/readable-stream-4af3b963/node_modules is being purged
426 verbose gentlyRm don't care about contents; nuking /Users/kangjiyeon/node_modules/.staging/readable-stream-4af3b963/node_modules
427 silly gentlyRm /Users/kangjiyeon/node_modules/.staging/mongodb-2b82c529/node_modules is being purged
428 verbose gentlyRm don't care about contents; nuking /Users/kangjiyeon/node_modules/.staging/mongodb-2b82c529/node_modules
429 silly gentlyRm /Users/kangjiyeon/node_modules/.staging/mongodb-core-dbbfa377/node_modules is being purged
430 verbose gentlyRm don't care about contents; nuking /Users/kangjiyeon/node_modules/.staging/mongodb-core-dbbfa377/node_modules
431 silly doParallel preinstall 5
432 silly preinstall isarray@1.0.0 /Users/kangjiyeon/node_modules/.staging/isarray-4f358e00
433 info lifecycle isarray@1.0.0~preinstall: isarray@1.0.0
434 silly preinstall mongodb-core@2.0.12 /Users/kangjiyeon/node_modules/.staging/mongodb-core-dbbfa377
435 info lifecycle mongodb-core@2.0.12~preinstall: mongodb-core@2.0.12
436 silly preinstall es6-promise@3.2.1 /Users/kangjiyeon/node_modules/.staging/es6-promise-2d472e8e
437 info lifecycle es6-promise@3.2.1~preinstall: es6-promise@3.2.1
438 silly preinstall readable-stream@2.1.5 /Users/kangjiyeon/node_modules/.staging/readable-stream-4af3b963
439 info lifecycle readable-stream@2.1.5~preinstall: readable-stream@2.1.5
440 silly preinstall mongodb@2.2.10 /Users/kangjiyeon/node_modules/.staging/mongodb-2b82c529
441 info lifecycle mongodb@2.2.10~preinstall: mongodb@2.2.10
442 silly lifecycle isarray@1.0.0~preinstall: no script for preinstall, continuing
443 silly lifecycle mongodb-core@2.0.12~preinstall: no script for preinstall, continuing
444 silly lifecycle es6-promise@3.2.1~preinstall: no script for preinstall, continuing
445 silly lifecycle readable-stream@2.1.5~preinstall: no script for preinstall, continuing
446 silly lifecycle mongodb@2.2.10~preinstall: no script for preinstall, continuing
447 silly doReverseSerial remove 0
448 silly doSerial move 0
449 silly doSerial finalize 5
450 silly finalize /Users/kangjiyeon/node_modules/mongodb/node_modules/isarray
451 silly finalize /Users/kangjiyeon/node_modules/mongodb-core
452 silly finalize /Users/kangjiyeon/node_modules/mongodb/node_modules/es6-promise
453 silly finalize /Users/kangjiyeon/node_modules/mongodb/node_modules/readable-stream
454 silly finalize /Users/kangjiyeon/node_modules/mongodb
455 verbose unlock done using /Users/kangjiyeon/.npm/_locks/staging-0ddb0226d2f4c6d5.lock for /Users/kangjiyeon/node_modules/.staging
456 silly rollbackFailedOptional Starting
457 silly rollbackFailedOptional Finishing
458 silly runTopLevelLifecycles Starting
459 silly runTopLevelLifecycles Finishing
460 silly install printInstalled
461 warn gulp@1.0.0 No description
462 warn gulp@1.0.0 No repository field.
463 verbose stack Error: ENOTEMPTY: directory not empty, rename '/Users/kangjiyeon/node_modules/mongodb' -> '/Users/kangjiyeon/node_modules/.mongodb.DELETE'
463 verbose stack     at moveAway (/usr/local/lib/node_modules/npm/lib/install/action/finalize.js:38:5)
463 verbose stack     at destStatted (/usr/local/lib/node_modules/npm/lib/install/action/finalize.js:27:7)
463 verbose stack     at FSReqWrap.oncomplete (fs.js:123:15)
463 verbose stack
463 verbose stack Error: ENOTEMPTY: directory not empty, rename '/Users/kangjiyeon/node_modules/mongodb' -> '/Users/kangjiyeon/node_modules/.mongodb.DELETE'
463 verbose stack     at Error (native)
464 verbose cwd /Users/kangjiyeon/Desktop/Fall 2016/JiyeonKang_dreamealist_WebAdvJS_Fall16/week6/01-NodeMongo
465 error Darwin 16.0.0
466 error argv "/usr/local/bin/node" "/usr/local/bin/npm" "install" "mongodb"
467 error node v6.7.0
468 error npm  v3.10.3
469 error path /Users/kangjiyeon/node_modules/mongodb
470 error code ENOTEMPTY
471 error errno -66
472 error syscall rename
473 error ENOTEMPTY: directory not empty, rename '/Users/kangjiyeon/node_modules/mongodb' -> '/Users/kangjiyeon/node_modules/.mongodb.DELETE'
474 error If you need help, you may report this error at:
474 error     <https://github.com/npm/npm/issues>
475 verbose exit [ -66, true ]
